Arguments: 
  C:\Program Files\nodejs\node.exe E:\develop\webCode\node_modules\yarn\bin\yarn.js --registry=[2K[1Ghttps://registry.yarnpkg.com

PATH: 
  E:\develop\webCode\Hotel\clinet\node_modules\.bin;E:\develop\webCode\Hotel\node_modules\.bin;E:\develop\webCode\node_modules\.bin;E:\develop\node_modules\.bin;E:\node_modules\.bin;C:\Program Files\nodejs;C:\Users\Administrator\AppData\Roaming\npm-cache\_npx\7728;E:\develop\webCode\node_modules\.bin;C:\Program Files\nodejs;C:\WINDOWS\system32;C:\WINDOWS;C:\WINDOWS\System32\Wbem;C:\WINDOWS\System32\WindowsPowerShell\v1.0\;C:\WINDOWS\System32\OpenSSH\;C:\Program Files\nodejs\;C:\ProgramData\chocolatey\bin;C:\Program Files (x86)\Yarn\bin\;C:\Program Files\Git\cmd;C:\Users\Administrator\AppData\Local\Microsoft\WindowsApps;;C:\Program Files\JetBrains\WebStorm 2019.2.2\bin;;C:\Program Files\Bandizip\;C:\Users\Administrator\AppData\Roaming\npm;C:\Users\Administrator\AppData\Local\Yarn\bin

Yarn version: 
  1.19.1

Node version: 
  12.13.0

Platform: 
  win32 x64

Trace: 
  Error: [2K[1Ghttps://registry.yarnpkg.com/@vue%2fcli-plugin-babel: Invalid URI "[2K[1Ghttps://registry.yarnpkg.com/@vue%2fcli-plugin-babel"
      at Request.module.exports.Request.init (E:\develop\webCode\node_modules\yarn\lib\cli.js:140652:31)
      at new Request (E:\develop\webCode\node_modules\yarn\lib\cli.js:140506:8)
      at request (E:\develop\webCode\node_modules\yarn\lib\cli.js:137412:10)
      at RequestManager.execute (E:\develop\webCode\node_modules\yarn\lib\cli.js:66978:15)
      at RequestManager.shiftQueue (E:\develop\webCode\node_modules\yarn\lib\cli.js:67016:10)
      at E:\develop\webCode\node_modules\yarn\lib\cli.js:66695:13
      at new Promise (<anonymous>)
      at new F (E:\develop\webCode\node_modules\yarn\lib\cli.js:5301:28)
      at RequestManager.request (E:\develop\webCode\node_modules\yarn\lib\cli.js:66693:19)
      at NpmRegistry.<anonymous> (E:\develop\webCode\node_modules\yarn\lib\cli.js:31704:42)

npm manifest: 
  {
    "name": "clinet",
    "version": "0.1.0",
    "private": true,
    "devDependencies": {
      "@vue/cli-plugin-babel": "^4.0.0",
      "@vue/cli-plugin-eslint": "^4.0.0",
      "@vue/cli-service": "^4.0.0"
    }
  }

yarn manifest: 
  No manifest

Lockfile: 
  No lockfile
